2025-07-01 08:51:26.536 +08:00 [INF] TCP服务未启用，数据清理服务将不会启动。
2025-07-01 08:51:26.594 +08:00 [INF] 开始监控IO设备
2025-07-01 08:51:27.067 +08:00 [INF] AGV任务生成服务已启动
2025-07-01 08:51:36.996 +08:00 [WRN] 设备1号上料架(192.168.200.121) Ping失败，网络不可达，状态：TimedOut
2025-07-01 08:52:08.579 +08:00 [WRN] 设备2号上料架(192.168.200.122) Ping失败，网络不可达，状态：TimedOut
2025-07-01 08:52:10.209 +08:00 [WRN] 设备锅炉起升架(192.168.200.123) Ping失败，网络不可达，状态：TimedOut
2025-07-01 08:52:11.642 +08:00 [WRN] 设备1号铸锭下线(192.168.200.124) Ping失败，网络不可达，状态：TimedOut
2025-07-01 08:52:13.151 +08:00 [WRN] 设备2号铸锭下线(192.168.200.125) Ping失败，网络不可达，状态：TimedOut
2025-07-01 08:54:25.903 +08:00 [INF] TCP服务未启用，数据清理服务将不会启动。
2025-07-01 08:54:25.949 +08:00 [INF] 开始监控IO设备
2025-07-01 08:54:26.279 +08:00 [INF] AGV任务生成服务已启动
2025-07-01 08:54:36.786 +08:00 [WRN] 设备1号上料架(192.168.200.121) Ping失败，网络不可达，状态：TimedOut
2025-07-01 08:55:11.212 +08:00 [INF] TCP服务未启用，数据清理服务将不会启动。
2025-07-01 08:55:11.259 +08:00 [INF] 开始监控IO设备
2025-07-01 08:55:11.549 +08:00 [INF] AGV任务生成服务已启动
2025-07-01 08:55:21.448 +08:00 [WRN] 设备1号上料架(192.168.200.121) Ping失败，网络不可达，状态：TimedOut
2025-07-01 08:55:41.248 +08:00 [INF] 诊断服务已启动
2025-07-01 08:55:41.267 +08:00 [INF] 系统诊断: 内存=94MB, GC内存=16MB, 线程数=37, 句柄数=592, CPU时间="00:00:02.2343750", GC次数=[G0:0, G1:0, G2:0]
2025-07-01 08:56:52.768 +08:00 [INF] TCP服务未启用，数据清理服务将不会启动。
2025-07-01 08:56:52.817 +08:00 [INF] 开始监控IO设备
2025-07-01 08:56:53.094 +08:00 [INF] AGV任务生成服务已启动
2025-07-01 08:57:04.219 +08:00 [WRN] 设备1号上料架(192.168.200.121) Ping失败，网络不可达，状态：TimedOut
2025-07-01 08:57:04.220 +08:00 [INF] 诊断服务已启动
2025-07-01 08:57:04.245 +08:00 [INF] 系统诊断: 内存=95MB, GC内存=16MB, 线程数=38, 句柄数=581, CPU时间="00:00:02.1093750", GC次数=[G0:0, G1:0, G2:0]
2025-07-01 08:57:04.389 +08:00 [WRN] Overriding address(es) 'http://localhost:5055'. Binding to endpoints defined via IConfiguration and/or UseKestrel() instead.
2025-07-01 08:57:05.022 +08:00 [WRN] 设备2号上料架(192.168.200.122) Ping失败，网络不可达，状态：TimedOut
2025-07-01 08:57:05.199 +08:00 [INF] Excel导入完成，共处理975条数据
2025-07-01 09:00:10.552 +08:00 [INF] TCP服务未启用，数据清理服务将不会启动。
2025-07-01 09:00:10.599 +08:00 [INF] 开始监控IO设备
2025-07-01 09:00:10.890 +08:00 [INF] AGV任务生成服务已启动
2025-07-01 09:00:20.543 +08:00 [WRN] 设备1号上料架(192.168.200.121) Ping失败，网络不可达，状态：TimedOut
2025-07-01 09:00:20.544 +08:00 [INF] 诊断服务已启动
2025-07-01 09:00:20.563 +08:00 [INF] 系统诊断: 内存=95MB, GC内存=16MB, 线程数=38, 句柄数=581, CPU时间="00:00:02.2968750", GC次数=[G0:0, G1:0, G2:0]
2025-07-01 09:00:20.691 +08:00 [WRN] Overriding address(es) 'http://localhost:5055'. Binding to endpoints defined via IConfiguration and/or UseKestrel() instead.
2025-07-01 09:00:51.338 +08:00 [INF] TCP服务未启用，数据清理服务将不会启动。
2025-07-01 09:00:51.385 +08:00 [INF] 开始监控IO设备
2025-07-01 09:00:51.674 +08:00 [INF] AGV任务生成服务已启动
2025-07-01 09:01:06.790 +08:00 [INF] TCP服务未启用，数据清理服务将不会启动。
2025-07-01 09:01:06.841 +08:00 [INF] 开始监控IO设备
2025-07-01 09:01:07.113 +08:00 [INF] AGV任务生成服务已启动
2025-07-01 09:01:10.124 +08:00 [INF] 诊断服务已启动
2025-07-01 09:01:10.137 +08:00 [INF] 系统诊断: 内存=96MB, GC内存=16MB, 线程数=35, 句柄数=560, CPU时间="00:00:02.1562500", GC次数=[G0:0, G1:0, G2:0]
2025-07-01 09:01:10.230 +08:00 [WRN] Overriding address(es) 'http://localhost:5055'. Binding to endpoints defined via IConfiguration and/or UseKestrel() instead.
2025-07-01 09:01:11.025 +08:00 [WRN] 设备1号上料架(192.168.200.121) Ping失败，网络不可达，状态：TimedOut
2025-07-01 09:02:13.800 +08:00 [INF] TCP服务未启用，数据清理服务将不会启动。
2025-07-01 09:02:13.851 +08:00 [INF] 开始监控IO设备
2025-07-01 09:02:14.118 +08:00 [INF] AGV任务生成服务已启动
2025-07-01 09:02:16.056 +08:00 [INF] 诊断服务已启动
2025-07-01 09:02:16.069 +08:00 [INF] 系统诊断: 内存=95MB, GC内存=16MB, 线程数=35, 句柄数=559, CPU时间="00:00:02.3281250", GC次数=[G0:0, G1:0, G2:0]
2025-07-01 09:02:16.166 +08:00 [WRN] Overriding address(es) 'http://localhost:5055'. Binding to endpoints defined via IConfiguration and/or UseKestrel() instead.
2025-07-01 09:02:16.529 +08:00 [WRN] 设备1号上料架(192.168.200.121) Ping失败，网络不可达，状态：TimedOut
2025-07-01 09:14:05.484 +08:00 [INF] TCP服务未启用，数据清理服务将不会启动。
2025-07-01 09:14:05.536 +08:00 [INF] 开始监控IO设备
2025-07-01 09:14:05.818 +08:00 [INF] AGV任务生成服务已启动
2025-07-01 09:14:21.176 +08:00 [INF] 诊断服务已启动
2025-07-01 09:14:21.176 +08:00 [WRN] 设备1号上料架(192.168.200.121) Ping失败，网络不可达，状态：TimedOut
2025-07-01 09:14:21.196 +08:00 [INF] 系统诊断: 内存=95MB, GC内存=16MB, 线程数=37, 句柄数=578, CPU时间="00:00:02.2187500", GC次数=[G0:0, G1:0, G2:0]
2025-07-01 09:14:21.299 +08:00 [WRN] Overriding address(es) 'http://localhost:5055'. Binding to endpoints defined via IConfiguration and/or UseKestrel() instead.
2025-07-01 09:14:22.023 +08:00 [WRN] 设备2号上料架(192.168.200.122) Ping失败，网络不可达，状态：TimedOut
2025-07-01 09:14:31.553 +08:00 [WRN] 设备锅炉起升架(192.168.200.123) Ping失败，网络不可达，状态：TimedOut
2025-07-01 09:15:17.778 +08:00 [INF] TCP服务未启用，数据清理服务将不会启动。
2025-07-01 09:15:17.835 +08:00 [INF] 开始监控IO设备
2025-07-01 09:15:18.137 +08:00 [INF] AGV任务生成服务已启动
2025-07-01 09:15:23.265 +08:00 [INF] 诊断服务已启动
2025-07-01 09:15:23.266 +08:00 [WRN] 设备1号上料架(192.168.200.121) Ping失败，网络不可达，状态：TimedOut
2025-07-01 09:15:23.289 +08:00 [INF] 系统诊断: 内存=96MB, GC内存=16MB, 线程数=39, 句柄数=578, CPU时间="00:00:02.6250000", GC次数=[G0:0, G1:0, G2:0]
2025-07-01 09:15:23.413 +08:00 [WRN] Overriding address(es) 'http://localhost:5055'. Binding to endpoints defined via IConfiguration and/or UseKestrel() instead.
2025-07-01 09:15:24.023 +08:00 [WRN] 设备2号上料架(192.168.200.122) Ping失败，网络不可达，状态：TimedOut
2025-07-01 09:15:45.977 +08:00 [INF] TCP服务未启用，数据清理服务将不会启动。
2025-07-01 09:15:46.034 +08:00 [INF] 开始监控IO设备
2025-07-01 09:15:46.320 +08:00 [INF] AGV任务生成服务已启动
2025-07-01 09:15:48.629 +08:00 [INF] 诊断服务已启动
2025-07-01 09:15:48.630 +08:00 [WRN] 设备1号上料架(192.168.200.121) Ping失败，网络不可达，状态：TimedOut
2025-07-01 09:15:48.658 +08:00 [INF] 系统诊断: 内存=96MB, GC内存=16MB, 线程数=38, 句柄数=584, CPU时间="00:00:02.3281250", GC次数=[G0:0, G1:0, G2:0]
2025-07-01 09:15:48.762 +08:00 [WRN] Overriding address(es) 'http://localhost:5055'. Binding to endpoints defined via IConfiguration and/or UseKestrel() instead.
2025-07-01 09:15:49.523 +08:00 [WRN] 设备2号上料架(192.168.200.122) Ping失败，网络不可达，状态：TimedOut
2025-07-01 09:15:51.380 +08:00 [WRN] 设备锅炉起升架(192.168.200.123) Ping失败，网络不可达，状态：TimedOut
2025-07-01 09:15:51.380 +08:00 [INF] 已存在: 1号上料位 - 1号上料区, 跳过
2025-07-01 09:15:51.389 +08:00 [INF] 已存在: 2号上料位 - 1号上料区, 跳过
2025-07-01 09:15:51.396 +08:00 [INF] 已存在: 3号上料位 - 1号上料区, 跳过
2025-07-01 09:15:51.399 +08:00 [INF] 已存在: 4号上料位 - 1号上料区, 跳过
2025-07-01 09:15:51.402 +08:00 [INF] 已存在: 5号上料位 - 1号上料区, 跳过
2025-07-01 09:15:51.405 +08:00 [INF] 已存在: 6号上料位 - 1号上料区, 跳过
2025-07-01 09:15:51.408 +08:00 [INF] 已存在: 7号上料位 - 2号上料区, 跳过
2025-07-01 09:15:51.411 +08:00 [INF] 已存在: 8号上料位 - 2号上料区, 跳过
2025-07-01 09:15:51.414 +08:00 [INF] 已存在: 9号上料位 - 2号上料区, 跳过
2025-07-01 09:15:51.423 +08:00 [INF] 已存在: 10号上料位 - 2号上料区, 跳过
2025-07-01 09:15:51.426 +08:00 [INF] 已存在: 11号上料位 - 2号上料区, 跳过
2025-07-01 09:15:51.428 +08:00 [INF] 已存在: 12号上料位 - 2号上料区, 跳过
2025-07-01 09:15:51.430 +08:00 [INF] 已存在: 起升架 - 起升架, 跳过
2025-07-01 09:15:51.433 +08:00 [INF] 已存在: 1号铸锭下线 - 铸锭线, 跳过
2025-07-01 09:15:51.435 +08:00 [INF] 已存在: 2号铸锭下线 - 铸锭线, 跳过
2025-07-01 09:15:51.438 +08:00 [INF] 已存在: 1-1-1 - 1号线, 跳过
2025-07-01 09:15:51.441 +08:00 [INF] 已存在: 1-1-2 - 1号线, 跳过
2025-07-01 09:15:51.444 +08:00 [INF] 已存在: 1-2-1 - 1号线, 跳过
2025-07-01 09:15:51.447 +08:00 [INF] 已存在: 1-2-2 - 1号线, 跳过
2025-07-01 09:15:51.450 +08:00 [INF] 已存在: 1-3-1 - 1号线, 跳过
2025-07-01 09:15:51.453 +08:00 [INF] 已存在: 1-3-2 - 1号线, 跳过
2025-07-01 09:15:51.457 +08:00 [INF] 已存在: 1-4-1 - 1号线, 跳过
2025-07-01 09:15:51.461 +08:00 [INF] 已存在: 1-4-2 - 1号线, 跳过
2025-07-01 09:15:51.465 +08:00 [INF] 已存在: 1-5-1 - 1号线, 跳过
2025-07-01 09:15:51.470 +08:00 [INF] 已存在: 1-5-2 - 1号线, 跳过
2025-07-01 09:15:51.477 +08:00 [INF] 已存在: 1-6-1 - 1号线, 跳过
2025-07-01 09:15:51.481 +08:00 [INF] 已存在: 1-6-2 - 1号线, 跳过
2025-07-01 09:15:51.486 +08:00 [INF] 已存在: 1-7-1 - 1号线, 跳过
2025-07-01 09:15:51.490 +08:00 [INF] 已存在: 1-7-2 - 1号线, 跳过
2025-07-01 09:15:51.496 +08:00 [INF] 已存在: 1-8-1 - 1号线, 跳过
2025-07-01 09:15:51.500 +08:00 [INF] 已存在: 1-8-2 - 1号线, 跳过
2025-07-01 09:15:51.503 +08:00 [INF] 已存在: 1-9-1 - 1号线, 跳过
2025-07-01 09:15:51.505 +08:00 [INF] 已存在: 1-9-2 - 1号线, 跳过
2025-07-01 09:15:51.508 +08:00 [INF] 已存在: 1-10-1 - 1号线, 跳过
2025-07-01 09:15:51.511 +08:00 [INF] 已存在: 1-10-2 - 1号线, 跳过
2025-07-01 09:15:51.514 +08:00 [INF] 已存在: 2-1-1 - 2号线, 跳过
2025-07-01 09:15:51.518 +08:00 [INF] 已存在: 2-1-2 - 2号线, 跳过
2025-07-01 09:15:51.521 +08:00 [INF] 已存在: 2-2-1 - 2号线, 跳过
2025-07-01 09:15:51.524 +08:00 [INF] 已存在: 2-2-2 - 2号线, 跳过
2025-07-01 09:15:51.529 +08:00 [INF] 已存在: 2-3-1 - 2号线, 跳过
2025-07-01 09:15:51.533 +08:00 [INF] 已存在: 2-3-2 - 2号线, 跳过
2025-07-01 09:15:51.537 +08:00 [INF] 已存在: 2-4-1 - 2号线, 跳过
2025-07-01 09:15:51.541 +08:00 [INF] 已存在: 2-4-2 - 2号线, 跳过
2025-07-01 09:15:51.544 +08:00 [INF] 已存在: 2-5-1 - 2号线, 跳过
2025-07-01 09:15:51.548 +08:00 [INF] 已存在: 2-5-2 - 2号线, 跳过
2025-07-01 09:15:51.552 +08:00 [INF] 已存在: 2-6-1 - 2号线, 跳过
2025-07-01 09:15:51.555 +08:00 [INF] 已存在: 2-6-2 - 2号线, 跳过
2025-07-01 09:15:51.559 +08:00 [INF] 已存在: 2-7-1 - 2号线, 跳过
2025-07-01 09:15:51.564 +08:00 [INF] 已存在: 2-7-2 - 2号线, 跳过
2025-07-01 09:15:51.572 +08:00 [INF] 已存在: 2-8-1 - 2号线, 跳过
2025-07-01 09:15:51.574 +08:00 [INF] 已存在: 2-8-2 - 2号线, 跳过
2025-07-01 09:15:51.578 +08:00 [INF] 已存在: 2-9-1 - 2号线, 跳过
2025-07-01 09:15:51.581 +08:00 [INF] 已存在: 2-9-2 - 2号线, 跳过
2025-07-01 09:15:51.584 +08:00 [INF] 已存在: 2-10-1 - 2号线, 跳过
2025-07-01 09:15:51.587 +08:00 [INF] 已存在: 2-10-2 - 2号线, 跳过
2025-07-01 09:15:51.591 +08:00 [INF] 已存在: 3-1-1 - 1号线, 跳过
2025-07-01 09:15:51.596 +08:00 [INF] 已存在: 3-1-2 - 1号线, 跳过
2025-07-01 09:15:51.600 +08:00 [INF] 已存在: 3-2-1 - 1号线, 跳过
2025-07-01 09:15:51.604 +08:00 [INF] 已存在: 3-2-2 - 1号线, 跳过
2025-07-01 09:15:51.608 +08:00 [INF] 已存在: 3-3-1 - 1号线, 跳过
2025-07-01 09:15:51.612 +08:00 [INF] 已存在: 3-3-2 - 1号线, 跳过
2025-07-01 09:15:51.615 +08:00 [INF] 已存在: 3-4-1 - 1号线, 跳过
2025-07-01 09:15:51.618 +08:00 [INF] 已存在: 3-4-2 - 1号线, 跳过
2025-07-01 09:15:51.620 +08:00 [INF] 已存在: 3-5-1 - 1号线, 跳过
2025-07-01 09:15:51.623 +08:00 [INF] 已存在: 3-5-2 - 1号线, 跳过
2025-07-01 09:15:51.625 +08:00 [INF] 已存在: 3-6-1 - 1号线, 跳过
2025-07-01 09:15:51.628 +08:00 [INF] 已存在: 3-6-2 - 1号线, 跳过
2025-07-01 09:15:51.630 +08:00 [INF] 已存在: 3-7-1 - 1号线, 跳过
2025-07-01 09:15:51.633 +08:00 [INF] 已存在: 3-7-2 - 1号线, 跳过
2025-07-01 09:15:51.636 +08:00 [INF] 已存在: 3-8-1 - 1号线, 跳过
2025-07-01 09:15:51.640 +08:00 [INF] 已存在: 3-8-2 - 1号线, 跳过
2025-07-01 09:15:51.642 +08:00 [INF] 已存在: 3-9-1 - 1号线, 跳过
2025-07-01 09:15:51.645 +08:00 [INF] 已存在: 3-9-2 - 1号线, 跳过
2025-07-01 09:15:51.649 +08:00 [INF] 已存在: 3-10-1 - 1号线, 跳过
2025-07-01 09:15:51.651 +08:00 [INF] 已存在: 3-10-2 - 1号线, 跳过
2025-07-01 09:15:51.654 +08:00 [INF] 已存在: 4-1-1 - 2号线, 跳过
2025-07-01 09:15:51.657 +08:00 [INF] 已存在: 4-1-2 - 2号线, 跳过
2025-07-01 09:15:51.660 +08:00 [INF] 已存在: 4-2-1 - 2号线, 跳过
2025-07-01 09:15:51.663 +08:00 [INF] 已存在: 4-2-2 - 2号线, 跳过
2025-07-01 09:15:51.665 +08:00 [INF] 已存在: 4-3-1 - 2号线, 跳过
2025-07-01 09:15:51.669 +08:00 [INF] 已存在: 4-3-2 - 2号线, 跳过
2025-07-01 09:15:51.672 +08:00 [INF] 已存在: 4-4-1 - 2号线, 跳过
2025-07-01 09:15:51.675 +08:00 [INF] 已存在: 4-4-2 - 2号线, 跳过
2025-07-01 09:15:51.681 +08:00 [INF] 已存在: 4-5-1 - 2号线, 跳过
2025-07-01 09:15:51.683 +08:00 [INF] 已存在: 4-5-2 - 2号线, 跳过
2025-07-01 09:15:51.686 +08:00 [INF] 已存在: 4-6-1 - 2号线, 跳过
2025-07-01 09:15:51.688 +08:00 [INF] 已存在: 4-6-2 - 2号线, 跳过
2025-07-01 09:15:51.691 +08:00 [INF] 已存在: 4-7-1 - 2号线, 跳过
2025-07-01 09:15:51.693 +08:00 [INF] 已存在: 4-7-2 - 2号线, 跳过
2025-07-01 09:15:51.696 +08:00 [INF] 已存在: 4-8-1 - 2号线, 跳过
2025-07-01 09:15:51.698 +08:00 [INF] 已存在: 4-8-2 - 2号线, 跳过
2025-07-01 09:15:51.701 +08:00 [INF] 已存在: 4-9-1 - 2号线, 跳过
2025-07-01 09:15:51.706 +08:00 [INF] 已存在: 4-9-2 - 2号线, 跳过
2025-07-01 09:15:51.708 +08:00 [INF] 已存在: 4-10-1 - 2号线, 跳过
2025-07-01 09:15:51.712 +08:00 [INF] 已存在: 4-10-2 - 2号线, 跳过
2025-07-01 09:15:51.716 +08:00 [INF] 已存在: 5-1-1 - 1号线, 跳过
2025-07-01 09:15:51.718 +08:00 [INF] 已存在: 5-1-2 - 1号线, 跳过
2025-07-01 09:15:51.725 +08:00 [INF] 已存在: 5-2-1 - 1号线, 跳过
2025-07-01 09:15:51.727 +08:00 [INF] 已存在: 5-2-2 - 1号线, 跳过
2025-07-01 09:15:51.730 +08:00 [INF] 已存在: 5-3-1 - 1号线, 跳过
2025-07-01 09:15:51.733 +08:00 [INF] 已存在: 5-3-2 - 1号线, 跳过
2025-07-01 09:15:51.736 +08:00 [INF] 已存在: 5-4-1 - 1号线, 跳过
2025-07-01 09:15:51.738 +08:00 [INF] 已存在: 5-4-2 - 1号线, 跳过
2025-07-01 09:15:51.740 +08:00 [INF] 已存在: 5-5-1 - 1号线, 跳过
2025-07-01 09:15:51.742 +08:00 [INF] 已存在: 5-5-2 - 1号线, 跳过
2025-07-01 09:15:51.744 +08:00 [INF] 已存在: 5-6-1 - 1号线, 跳过
2025-07-01 09:15:51.746 +08:00 [INF] 已存在: 5-6-2 - 1号线, 跳过
2025-07-01 09:15:51.749 +08:00 [INF] 已存在: 5-7-1 - 1号线, 跳过
2025-07-01 09:15:51.750 +08:00 [INF] 已存在: 5-7-2 - 1号线, 跳过
2025-07-01 09:15:51.752 +08:00 [INF] 已存在: 5-8-1 - 1号线, 跳过
2025-07-01 09:15:51.754 +08:00 [INF] 已存在: 5-8-2 - 1号线, 跳过
2025-07-01 09:15:51.757 +08:00 [INF] 已存在: 5-9-1 - 1号线, 跳过
2025-07-01 09:15:51.759 +08:00 [INF] 已存在: 5-9-2 - 1号线, 跳过
2025-07-01 09:15:51.761 +08:00 [INF] 已存在: 5-10-1 - 1号线, 跳过
2025-07-01 09:15:51.763 +08:00 [INF] 已存在: 5-10-2 - 1号线, 跳过
2025-07-01 09:15:51.766 +08:00 [INF] 已存在: 6-1-1 - 2号线, 跳过
2025-07-01 09:15:51.769 +08:00 [INF] 已存在: 6-1-2 - 2号线, 跳过
2025-07-01 09:15:51.771 +08:00 [INF] 已存在: 6-2-1 - 2号线, 跳过
2025-07-01 09:15:51.773 +08:00 [INF] 已存在: 6-2-2 - 2号线, 跳过
2025-07-01 09:15:51.776 +08:00 [INF] 已存在: 6-3-1 - 2号线, 跳过
2025-07-01 09:15:51.778 +08:00 [INF] 已存在: 6-3-2 - 2号线, 跳过
2025-07-01 09:15:51.781 +08:00 [INF] 已存在: 6-4-1 - 2号线, 跳过
2025-07-01 09:15:51.784 +08:00 [INF] 已存在: 6-4-2 - 2号线, 跳过
2025-07-01 09:15:51.786 +08:00 [INF] 已存在: 6-5-1 - 2号线, 跳过
2025-07-01 09:15:51.788 +08:00 [INF] 已存在: 6-5-2 - 2号线, 跳过
2025-07-01 09:15:51.789 +08:00 [INF] Excel导入完成，总行数: 495, 跳过: 0, 实际插入: 975, 待插入: 975
2025-07-01 09:15:51.790 +08:00 [INF] 已存在: 6-6-1 - 2号线, 跳过
2025-07-01 09:15:51.793 +08:00 [INF] 已存在: 6-6-2 - 2号线, 跳过
2025-07-01 09:15:51.794 +08:00 [INF] 已存在: 6-7-1 - 2号线, 跳过
2025-07-01 09:15:51.796 +08:00 [INF] 已存在: 6-7-2 - 2号线, 跳过
2025-07-01 09:15:51.797 +08:00 [INF] 已存在: 6-8-1 - 2号线, 跳过
2025-07-01 09:15:51.798 +08:00 [INF] 已存在: 6-8-2 - 2号线, 跳过
2025-07-01 09:15:51.800 +08:00 [INF] 已存在: 6-9-1 - 2号线, 跳过
2025-07-01 09:15:51.801 +08:00 [INF] 已存在: 6-9-2 - 2号线, 跳过
2025-07-01 09:15:51.803 +08:00 [INF] 已存在: 6-10-1 - 2号线, 跳过
2025-07-01 09:15:51.804 +08:00 [INF] 已存在: 6-10-2 - 2号线, 跳过
2025-07-01 09:15:51.806 +08:00 [INF] 已存在: 7-1-1 - 1号线, 跳过
2025-07-01 09:15:51.808 +08:00 [INF] 已存在: 7-1-2 - 1号线, 跳过
2025-07-01 09:15:51.809 +08:00 [INF] 已存在: 7-2-1 - 1号线, 跳过
2025-07-01 09:15:51.812 +08:00 [INF] 已存在: 7-2-2 - 1号线, 跳过
2025-07-01 09:15:51.813 +08:00 [INF] 已存在: 7-3-1 - 1号线, 跳过
2025-07-01 09:15:51.815 +08:00 [INF] 已存在: 7-3-2 - 1号线, 跳过
2025-07-01 09:15:51.816 +08:00 [INF] 已存在: 7-4-1 - 1号线, 跳过
2025-07-01 09:15:51.818 +08:00 [INF] 已存在: 7-4-2 - 1号线, 跳过
2025-07-01 09:15:51.820 +08:00 [INF] 已存在: 7-5-1 - 1号线, 跳过
2025-07-01 09:15:51.822 +08:00 [INF] 已存在: 7-5-2 - 1号线, 跳过
2025-07-01 09:15:51.825 +08:00 [INF] 已存在: 7-6-1 - 1号线, 跳过
2025-07-01 09:15:51.827 +08:00 [INF] 已存在: 7-6-2 - 1号线, 跳过
2025-07-01 09:15:51.829 +08:00 [INF] 已存在: 7-7-1 - 1号线, 跳过
2025-07-01 09:15:51.832 +08:00 [INF] 已存在: 7-7-2 - 1号线, 跳过
2025-07-01 09:15:51.834 +08:00 [INF] 已存在: 7-8-1 - 1号线, 跳过
2025-07-01 09:15:51.836 +08:00 [INF] 已存在: 7-8-2 - 1号线, 跳过
2025-07-01 09:15:51.839 +08:00 [INF] 已存在: 7-9-1 - 1号线, 跳过
2025-07-01 09:15:51.841 +08:00 [INF] 已存在: 7-9-2 - 1号线, 跳过
2025-07-01 09:15:51.843 +08:00 [INF] 已存在: 7-10-1 - 1号线, 跳过
2025-07-01 09:15:51.844 +08:00 [INF] 已存在: 7-10-2 - 1号线, 跳过
2025-07-01 09:15:51.843 +08:00 [WRN] Failed to determine the https port for redirect.
2025-07-01 09:15:51.846 +08:00 [INF] 已存在: 8-1-1 - 2号线, 跳过
2025-07-01 09:15:51.849 +08:00 [INF] 已存在: 8-1-2 - 2号线, 跳过
2025-07-01 09:15:51.851 +08:00 [INF] 已存在: 8-2-1 - 2号线, 跳过
2025-07-01 09:15:51.852 +08:00 [INF] 已存在: 8-2-2 - 2号线, 跳过
2025-07-01 09:15:51.854 +08:00 [INF] 已存在: 8-3-1 - 2号线, 跳过
2025-07-01 09:15:51.855 +08:00 [INF] 已存在: 8-3-2 - 2号线, 跳过
2025-07-01 09:15:51.857 +08:00 [INF] 已存在: 8-4-1 - 2号线, 跳过
2025-07-01 09:15:51.858 +08:00 [INF] 已存在: 8-4-2 - 2号线, 跳过
2025-07-01 09:15:51.860 +08:00 [INF] 已存在: 8-5-1 - 2号线, 跳过
2025-07-01 09:15:51.861 +08:00 [INF] 已存在: 8-5-2 - 2号线, 跳过
2025-07-01 09:15:51.863 +08:00 [INF] 已存在: 8-6-1 - 2号线, 跳过
2025-07-01 09:15:51.864 +08:00 [INF] 已存在: 8-6-2 - 2号线, 跳过
2025-07-01 09:15:51.865 +08:00 [INF] 已存在: 8-7-1 - 2号线, 跳过
2025-07-01 09:15:51.867 +08:00 [INF] 已存在: 8-7-2 - 2号线, 跳过
2025-07-01 09:15:51.868 +08:00 [INF] 已存在: 8-8-1 - 2号线, 跳过
2025-07-01 09:15:51.870 +08:00 [INF] 已存在: 8-8-2 - 2号线, 跳过
2025-07-01 09:15:51.871 +08:00 [INF] 已存在: 8-9-1 - 2号线, 跳过
2025-07-01 09:15:51.872 +08:00 [INF] 已存在: 8-9-2 - 2号线, 跳过
2025-07-01 09:15:51.874 +08:00 [INF] 已存在: 8-10-1 - 2号线, 跳过
2025-07-01 09:15:51.876 +08:00 [INF] 已存在: 8-10-2 - 2号线, 跳过
2025-07-01 09:15:51.877 +08:00 [INF] 已存在: 9-1-1 - 1号线, 跳过
2025-07-01 09:15:51.878 +08:00 [INF] 已存在: 9-1-2 - 1号线, 跳过
2025-07-01 09:15:51.880 +08:00 [INF] 已存在: 9-2-1 - 1号线, 跳过
2025-07-01 09:15:51.881 +08:00 [INF] 已存在: 9-2-2 - 1号线, 跳过
2025-07-01 09:15:51.882 +08:00 [INF] 已存在: 9-3-1 - 1号线, 跳过
2025-07-01 09:15:51.884 +08:00 [INF] 已存在: 9-3-2 - 1号线, 跳过
2025-07-01 09:15:51.886 +08:00 [INF] 已存在: 9-4-1 - 1号线, 跳过
2025-07-01 09:15:51.888 +08:00 [INF] 已存在: 9-4-2 - 1号线, 跳过
2025-07-01 09:15:51.890 +08:00 [INF] 已存在: 9-5-1 - 1号线, 跳过
2025-07-01 09:15:51.892 +08:00 [INF] 已存在: 9-5-2 - 1号线, 跳过
2025-07-01 09:15:51.894 +08:00 [INF] 已存在: 9-6-1 - 1号线, 跳过
2025-07-01 09:15:51.896 +08:00 [INF] 已存在: 9-6-2 - 1号线, 跳过
2025-07-01 09:15:51.898 +08:00 [INF] 已存在: 9-7-1 - 1号线, 跳过
2025-07-01 09:15:51.899 +08:00 [INF] 已存在: 9-7-2 - 1号线, 跳过
2025-07-01 09:15:51.901 +08:00 [INF] 已存在: 9-8-1 - 1号线, 跳过
2025-07-01 09:15:51.903 +08:00 [INF] 已存在: 9-8-2 - 1号线, 跳过
2025-07-01 09:15:51.904 +08:00 [INF] 已存在: 9-9-1 - 1号线, 跳过
2025-07-01 09:15:51.906 +08:00 [INF] 已存在: 9-9-2 - 1号线, 跳过
2025-07-01 09:15:51.907 +08:00 [INF] 已存在: 9-10-1 - 1号线, 跳过
2025-07-01 09:15:51.909 +08:00 [INF] 已存在: 9-10-2 - 1号线, 跳过
2025-07-01 09:15:51.911 +08:00 [INF] 已存在: 10-1-1 - 2号线, 跳过
2025-07-01 09:15:51.912 +08:00 [INF] 已存在: 10-1-2 - 2号线, 跳过
2025-07-01 09:15:51.914 +08:00 [INF] 已存在: 10-2-1 - 2号线, 跳过
2025-07-01 09:15:51.916 +08:00 [INF] 已存在: 10-2-2 - 2号线, 跳过
2025-07-01 09:15:51.918 +08:00 [INF] 已存在: 10-3-1 - 2号线, 跳过
2025-07-01 09:15:51.920 +08:00 [INF] 已存在: 10-3-2 - 2号线, 跳过
2025-07-01 09:15:51.921 +08:00 [INF] 已存在: 10-4-1 - 2号线, 跳过
2025-07-01 09:15:51.923 +08:00 [INF] 已存在: 10-4-2 - 2号线, 跳过
2025-07-01 09:15:51.924 +08:00 [INF] 已存在: 10-5-1 - 2号线, 跳过
2025-07-01 09:15:51.926 +08:00 [INF] 已存在: 10-5-2 - 2号线, 跳过
2025-07-01 09:15:51.927 +08:00 [INF] 已存在: 10-6-1 - 2号线, 跳过
2025-07-01 09:15:51.929 +08:00 [INF] 已存在: 10-6-2 - 2号线, 跳过
2025-07-01 09:15:51.931 +08:00 [INF] 已存在: 10-7-1 - 2号线, 跳过
2025-07-01 09:15:51.932 +08:00 [INF] 已存在: 10-7-2 - 2号线, 跳过
2025-07-01 09:15:51.934 +08:00 [INF] 已存在: 10-8-1 - 2号线, 跳过
2025-07-01 09:15:51.943 +08:00 [INF] 已存在: 10-8-2 - 2号线, 跳过
2025-07-01 09:15:51.945 +08:00 [INF] 已存在: 10-9-1 - 2号线, 跳过
2025-07-01 09:15:51.947 +08:00 [INF] 已存在: 10-9-2 - 2号线, 跳过
2025-07-01 09:15:51.949 +08:00 [INF] 已存在: 10-10-1 - 2号线, 跳过
2025-07-01 09:15:51.951 +08:00 [INF] 已存在: 10-10-2 - 2号线, 跳过
2025-07-01 09:15:51.953 +08:00 [INF] 已存在: 11-1-1 - 1号线, 跳过
2025-07-01 09:15:51.954 +08:00 [INF] 已存在: 11-1-2 - 1号线, 跳过
2025-07-01 09:15:51.956 +08:00 [INF] 已存在: 11-2-1 - 1号线, 跳过
2025-07-01 09:15:51.958 +08:00 [INF] 已存在: 11-2-2 - 1号线, 跳过
2025-07-01 09:15:51.959 +08:00 [INF] 已存在: 11-3-1 - 1号线, 跳过
2025-07-01 09:15:51.961 +08:00 [INF] 已存在: 11-3-2 - 1号线, 跳过
2025-07-01 09:15:51.963 +08:00 [INF] 已存在: 11-4-1 - 1号线, 跳过
2025-07-01 09:15:51.972 +08:00 [INF] 已存在: 11-4-2 - 1号线, 跳过
2025-07-01 09:15:51.973 +08:00 [INF] 已存在: 11-5-1 - 1号线, 跳过
2025-07-01 09:15:51.975 +08:00 [INF] 已存在: 11-5-2 - 1号线, 跳过
2025-07-01 09:15:51.976 +08:00 [INF] 已存在: 11-6-1 - 1号线, 跳过
2025-07-01 09:15:51.978 +08:00 [INF] 已存在: 11-6-2 - 1号线, 跳过
2025-07-01 09:15:51.980 +08:00 [INF] 已存在: 11-7-1 - 1号线, 跳过
2025-07-01 09:15:51.981 +08:00 [INF] 已存在: 11-7-2 - 1号线, 跳过
2025-07-01 09:15:51.983 +08:00 [INF] 已存在: 11-8-1 - 1号线, 跳过
2025-07-01 09:15:51.984 +08:00 [INF] 已存在: 11-8-2 - 1号线, 跳过
2025-07-01 09:15:51.986 +08:00 [INF] 已存在: 11-9-1 - 1号线, 跳过
2025-07-01 09:15:51.988 +08:00 [INF] 已存在: 11-9-2 - 1号线, 跳过
2025-07-01 09:15:51.990 +08:00 [INF] 已存在: 11-10-1 - 1号线, 跳过
2025-07-01 09:15:51.991 +08:00 [INF] 已存在: 11-10-2 - 1号线, 跳过
2025-07-01 09:15:51.993 +08:00 [INF] 已存在: 12-1-1 - 2号线, 跳过
2025-07-01 09:15:51.994 +08:00 [INF] 已存在: 12-1-2 - 2号线, 跳过
2025-07-01 09:15:51.996 +08:00 [INF] 已存在: 12-2-1 - 2号线, 跳过
2025-07-01 09:15:51.998 +08:00 [INF] 已存在: 12-2-2 - 2号线, 跳过
2025-07-01 09:15:52.000 +08:00 [INF] 已存在: 12-3-1 - 2号线, 跳过
2025-07-01 09:15:52.002 +08:00 [INF] 已存在: 12-3-2 - 2号线, 跳过
2025-07-01 09:15:52.003 +08:00 [INF] 已存在: 12-4-1 - 2号线, 跳过
2025-07-01 09:15:52.005 +08:00 [INF] 已存在: 12-4-2 - 2号线, 跳过
2025-07-01 09:15:52.008 +08:00 [INF] 已存在: 12-5-1 - 2号线, 跳过
2025-07-01 09:15:52.010 +08:00 [INF] 已存在: 12-5-2 - 2号线, 跳过
2025-07-01 09:15:52.012 +08:00 [INF] 已存在: 12-6-1 - 2号线, 跳过
2025-07-01 09:15:52.014 +08:00 [INF] 已存在: 12-6-2 - 2号线, 跳过
2025-07-01 09:15:52.015 +08:00 [INF] 已存在: 12-7-1 - 2号线, 跳过
2025-07-01 09:15:52.017 +08:00 [INF] 已存在: 12-7-2 - 2号线, 跳过
2025-07-01 09:15:52.019 +08:00 [INF] 已存在: 12-8-1 - 2号线, 跳过
2025-07-01 09:15:52.021 +08:00 [INF] 已存在: 12-8-2 - 2号线, 跳过
2025-07-01 09:15:52.022 +08:00 [WRN] 设备1号铸锭下线(192.168.200.124) Ping失败，网络不可达，状态：TimedOut
2025-07-01 09:15:52.022 +08:00 [INF] 已存在: 12-9-1 - 2号线, 跳过
2025-07-01 09:15:52.026 +08:00 [INF] 已存在: 12-9-2 - 2号线, 跳过
2025-07-01 09:15:52.028 +08:00 [INF] 已存在: 12-10-1 - 2号线, 跳过
2025-07-01 09:15:52.030 +08:00 [INF] 已存在: 12-10-2 - 2号线, 跳过
2025-07-01 09:15:52.032 +08:00 [INF] 已存在: 13-1-1 - 1号线, 跳过
2025-07-01 09:15:52.033 +08:00 [INF] 已存在: 13-1-2 - 1号线, 跳过
2025-07-01 09:15:52.035 +08:00 [INF] 已存在: 13-2-1 - 1号线, 跳过
2025-07-01 09:15:52.037 +08:00 [INF] 已存在: 13-2-2 - 1号线, 跳过
2025-07-01 09:15:52.038 +08:00 [INF] 已存在: 13-3-1 - 1号线, 跳过
2025-07-01 09:15:52.040 +08:00 [INF] 已存在: 13-3-2 - 1号线, 跳过
2025-07-01 09:15:52.042 +08:00 [INF] 已存在: 13-4-1 - 1号线, 跳过
2025-07-01 09:15:52.044 +08:00 [INF] 已存在: 13-4-2 - 1号线, 跳过
2025-07-01 09:15:52.045 +08:00 [INF] 已存在: 13-5-1 - 1号线, 跳过
2025-07-01 09:15:52.047 +08:00 [INF] 已存在: 13-5-2 - 1号线, 跳过
2025-07-01 09:15:52.048 +08:00 [INF] 已存在: 13-6-1 - 1号线, 跳过
2025-07-01 09:15:52.050 +08:00 [INF] 已存在: 13-6-2 - 1号线, 跳过
2025-07-01 09:15:52.051 +08:00 [INF] 已存在: 13-7-1 - 1号线, 跳过
2025-07-01 09:15:52.053 +08:00 [INF] 已存在: 13-7-2 - 1号线, 跳过
2025-07-01 09:15:52.054 +08:00 [INF] 已存在: 13-8-1 - 1号线, 跳过
2025-07-01 09:15:52.056 +08:00 [INF] 已存在: 13-8-2 - 1号线, 跳过
2025-07-01 09:15:52.057 +08:00 [INF] 已存在: 13-9-1 - 1号线, 跳过
2025-07-01 09:15:52.059 +08:00 [INF] 已存在: 13-9-2 - 1号线, 跳过
2025-07-01 09:15:52.061 +08:00 [INF] 已存在: 13-10-1 - 1号线, 跳过
2025-07-01 09:15:52.062 +08:00 [INF] 已存在: 13-10-2 - 1号线, 跳过
2025-07-01 09:15:52.064 +08:00 [INF] 已存在: 14-1-1 - 2号线, 跳过
2025-07-01 09:15:52.065 +08:00 [INF] 已存在: 14-1-2 - 2号线, 跳过
2025-07-01 09:15:52.067 +08:00 [INF] 已存在: 14-2-1 - 2号线, 跳过
2025-07-01 09:15:52.068 +08:00 [INF] 已存在: 14-2-2 - 2号线, 跳过
2025-07-01 09:15:52.070 +08:00 [INF] 已存在: 14-3-1 - 2号线, 跳过
2025-07-01 09:15:52.071 +08:00 [INF] 已存在: 14-3-2 - 2号线, 跳过
2025-07-01 09:15:52.073 +08:00 [INF] 已存在: 14-4-1 - 2号线, 跳过
2025-07-01 09:15:52.075 +08:00 [INF] 已存在: 14-4-2 - 2号线, 跳过
2025-07-01 09:15:52.076 +08:00 [INF] 已存在: 14-5-1 - 2号线, 跳过
2025-07-01 09:15:52.078 +08:00 [INF] 已存在: 14-5-2 - 2号线, 跳过
2025-07-01 09:15:52.080 +08:00 [INF] 已存在: 14-6-1 - 2号线, 跳过
2025-07-01 09:15:52.081 +08:00 [INF] 已存在: 14-6-2 - 2号线, 跳过
2025-07-01 09:15:52.083 +08:00 [INF] 已存在: 14-7-1 - 2号线, 跳过
2025-07-01 09:15:52.085 +08:00 [INF] 已存在: 14-7-2 - 2号线, 跳过
2025-07-01 09:15:52.087 +08:00 [INF] 已存在: 14-8-1 - 2号线, 跳过
2025-07-01 09:15:52.089 +08:00 [INF] 已存在: 14-8-2 - 2号线, 跳过
2025-07-01 09:15:52.091 +08:00 [INF] 已存在: 14-9-1 - 2号线, 跳过
2025-07-01 09:15:52.093 +08:00 [INF] 已存在: 14-9-2 - 2号线, 跳过
2025-07-01 09:15:52.095 +08:00 [INF] 已存在: 14-10-1 - 2号线, 跳过
2025-07-01 09:15:52.097 +08:00 [INF] 已存在: 14-10-2 - 2号线, 跳过
2025-07-01 09:15:52.099 +08:00 [INF] 已存在: 15-1-1 - 1号线, 跳过
2025-07-01 09:15:52.101 +08:00 [INF] 已存在: 15-1-2 - 1号线, 跳过
2025-07-01 09:15:52.102 +08:00 [INF] 已存在: 15-2-1 - 1号线, 跳过
2025-07-01 09:15:52.104 +08:00 [INF] 已存在: 15-2-2 - 1号线, 跳过
2025-07-01 09:15:52.106 +08:00 [INF] 已存在: 15-3-1 - 1号线, 跳过
2025-07-01 09:15:52.107 +08:00 [INF] 已存在: 15-3-2 - 1号线, 跳过
2025-07-01 09:15:52.109 +08:00 [INF] 已存在: 15-4-1 - 1号线, 跳过
2025-07-01 09:15:52.110 +08:00 [INF] 已存在: 15-4-2 - 1号线, 跳过
2025-07-01 09:15:52.112 +08:00 [INF] 已存在: 15-5-1 - 1号线, 跳过
2025-07-01 09:15:52.113 +08:00 [INF] 已存在: 15-5-2 - 1号线, 跳过
2025-07-01 09:15:52.114 +08:00 [INF] 已存在: 15-6-1 - 1号线, 跳过
2025-07-01 09:15:52.116 +08:00 [INF] 已存在: 15-6-2 - 1号线, 跳过
2025-07-01 09:15:52.117 +08:00 [INF] 已存在: 15-7-1 - 1号线, 跳过
2025-07-01 09:15:52.119 +08:00 [INF] 已存在: 15-7-2 - 1号线, 跳过
2025-07-01 09:15:52.120 +08:00 [INF] 已存在: 15-8-1 - 1号线, 跳过
2025-07-01 09:15:52.122 +08:00 [INF] 已存在: 15-8-2 - 1号线, 跳过
2025-07-01 09:15:52.124 +08:00 [INF] 已存在: 15-9-1 - 1号线, 跳过
2025-07-01 09:15:52.125 +08:00 [INF] 已存在: 15-9-2 - 1号线, 跳过
2025-07-01 09:15:52.127 +08:00 [INF] 已存在: 15-10-1 - 1号线, 跳过
2025-07-01 09:15:52.128 +08:00 [INF] 已存在: 15-10-2 - 1号线, 跳过
2025-07-01 09:15:52.130 +08:00 [INF] 已存在: 16-1-1 - 2号线, 跳过
2025-07-01 09:15:52.131 +08:00 [INF] 已存在: 16-1-2 - 2号线, 跳过
2025-07-01 09:15:52.132 +08:00 [INF] 已存在: 16-2-1 - 2号线, 跳过
2025-07-01 09:15:52.134 +08:00 [INF] 已存在: 16-2-2 - 2号线, 跳过
2025-07-01 09:15:52.135 +08:00 [INF] 已存在: 16-3-1 - 2号线, 跳过
2025-07-01 09:15:52.137 +08:00 [INF] 已存在: 16-3-2 - 2号线, 跳过
2025-07-01 09:15:52.139 +08:00 [INF] 已存在: 16-4-1 - 2号线, 跳过
2025-07-01 09:15:52.141 +08:00 [INF] 已存在: 16-4-2 - 2号线, 跳过
2025-07-01 09:15:52.143 +08:00 [INF] 已存在: 16-5-1 - 2号线, 跳过
2025-07-01 09:15:52.145 +08:00 [INF] 已存在: 16-5-2 - 2号线, 跳过
2025-07-01 09:15:52.146 +08:00 [INF] 已存在: 16-6-1 - 2号线, 跳过
2025-07-01 09:15:52.148 +08:00 [INF] 已存在: 16-6-2 - 2号线, 跳过
2025-07-01 09:15:52.150 +08:00 [INF] 已存在: 16-7-1 - 2号线, 跳过
2025-07-01 09:15:52.151 +08:00 [INF] 已存在: 16-7-2 - 2号线, 跳过
2025-07-01 09:15:52.153 +08:00 [INF] 已存在: 16-8-1 - 2号线, 跳过
2025-07-01 09:15:52.155 +08:00 [INF] 已存在: 16-8-2 - 2号线, 跳过
2025-07-01 09:15:52.157 +08:00 [INF] 已存在: 16-9-1 - 2号线, 跳过
2025-07-01 09:15:52.158 +08:00 [INF] 已存在: 16-9-2 - 2号线, 跳过
2025-07-01 09:15:52.159 +08:00 [INF] 已存在: 16-10-1 - 2号线, 跳过
2025-07-01 09:15:52.161 +08:00 [INF] 已存在: 16-10-2 - 2号线, 跳过
2025-07-01 09:15:52.162 +08:00 [INF] 已存在: 17-1-1 - 1号线, 跳过
2025-07-01 09:15:52.164 +08:00 [INF] 已存在: 17-1-2 - 1号线, 跳过
2025-07-01 09:15:52.166 +08:00 [INF] 已存在: 17-2-1 - 1号线, 跳过
2025-07-01 09:15:52.168 +08:00 [INF] 已存在: 17-2-2 - 1号线, 跳过
2025-07-01 09:15:52.170 +08:00 [INF] 已存在: 17-3-1 - 1号线, 跳过
2025-07-01 09:15:52.171 +08:00 [INF] 已存在: 17-3-2 - 1号线, 跳过
2025-07-01 09:15:52.173 +08:00 [INF] 已存在: 17-4-1 - 1号线, 跳过
2025-07-01 09:15:52.175 +08:00 [INF] 已存在: 17-4-2 - 1号线, 跳过
2025-07-01 09:15:52.176 +08:00 [INF] 已存在: 17-5-1 - 1号线, 跳过
2025-07-01 09:15:52.178 +08:00 [INF] 已存在: 17-5-2 - 1号线, 跳过
2025-07-01 09:15:52.179 +08:00 [INF] 已存在: 17-6-1 - 1号线, 跳过
2025-07-01 09:15:52.181 +08:00 [INF] 已存在: 17-6-2 - 1号线, 跳过
2025-07-01 09:15:52.183 +08:00 [INF] 已存在: 17-7-1 - 1号线, 跳过
2025-07-01 09:15:52.184 +08:00 [INF] 已存在: 17-7-2 - 1号线, 跳过
2025-07-01 09:15:52.186 +08:00 [INF] 已存在: 17-8-1 - 1号线, 跳过
2025-07-01 09:15:52.188 +08:00 [INF] 已存在: 17-8-2 - 1号线, 跳过
2025-07-01 09:15:52.189 +08:00 [INF] 已存在: 17-9-1 - 1号线, 跳过
2025-07-01 09:15:52.191 +08:00 [INF] 已存在: 17-9-2 - 1号线, 跳过
2025-07-01 09:15:52.193 +08:00 [INF] 已存在: 17-10-1 - 1号线, 跳过
2025-07-01 09:15:52.194 +08:00 [INF] 已存在: 17-10-2 - 1号线, 跳过
2025-07-01 09:15:52.196 +08:00 [INF] 已存在: 18-1-1 - 2号线, 跳过
2025-07-01 09:15:52.198 +08:00 [INF] 已存在: 18-1-2 - 2号线, 跳过
2025-07-01 09:15:52.200 +08:00 [INF] 已存在: 18-2-1 - 2号线, 跳过
2025-07-01 09:15:52.201 +08:00 [INF] 已存在: 18-2-2 - 2号线, 跳过
2025-07-01 09:15:52.203 +08:00 [INF] 已存在: 18-3-1 - 2号线, 跳过
2025-07-01 09:15:52.205 +08:00 [INF] 已存在: 18-3-2 - 2号线, 跳过
2025-07-01 09:15:52.206 +08:00 [INF] 已存在: 18-4-1 - 2号线, 跳过
2025-07-01 09:15:52.208 +08:00 [INF] 已存在: 18-4-2 - 2号线, 跳过
2025-07-01 09:15:52.210 +08:00 [INF] 已存在: 18-5-1 - 2号线, 跳过
2025-07-01 09:15:52.211 +08:00 [INF] 已存在: 18-5-2 - 2号线, 跳过
2025-07-01 09:15:52.213 +08:00 [INF] 已存在: 18-6-1 - 2号线, 跳过
2025-07-01 09:15:52.216 +08:00 [INF] 已存在: 18-6-2 - 2号线, 跳过
2025-07-01 09:15:52.218 +08:00 [INF] 已存在: 18-7-1 - 2号线, 跳过
2025-07-01 09:15:52.219 +08:00 [INF] 已存在: 18-7-2 - 2号线, 跳过
2025-07-01 09:15:52.220 +08:00 [INF] 已存在: 18-8-1 - 2号线, 跳过
2025-07-01 09:15:52.222 +08:00 [INF] 已存在: 18-8-2 - 2号线, 跳过
2025-07-01 09:15:52.223 +08:00 [INF] 已存在: 18-9-1 - 2号线, 跳过
2025-07-01 09:15:52.225 +08:00 [INF] 已存在: 18-9-2 - 2号线, 跳过
2025-07-01 09:15:52.226 +08:00 [INF] 已存在: 18-10-1 - 2号线, 跳过
2025-07-01 09:15:52.228 +08:00 [INF] 已存在: 18-10-2 - 2号线, 跳过
2025-07-01 09:15:52.230 +08:00 [INF] 已存在: 19-1-1 - 1号线, 跳过
2025-07-01 09:15:52.231 +08:00 [INF] 已存在: 19-1-2 - 1号线, 跳过
2025-07-01 09:15:52.233 +08:00 [INF] 已存在: 19-2-1 - 1号线, 跳过
2025-07-01 09:15:52.234 +08:00 [INF] 已存在: 19-2-2 - 1号线, 跳过
2025-07-01 09:15:52.236 +08:00 [INF] 已存在: 19-3-1 - 1号线, 跳过
2025-07-01 09:15:52.237 +08:00 [INF] 已存在: 19-3-2 - 1号线, 跳过
2025-07-01 09:15:52.239 +08:00 [INF] 已存在: 19-4-1 - 1号线, 跳过
2025-07-01 09:15:52.240 +08:00 [INF] 已存在: 19-4-2 - 1号线, 跳过
2025-07-01 09:15:52.242 +08:00 [INF] 已存在: 19-5-1 - 1号线, 跳过
2025-07-01 09:15:52.244 +08:00 [INF] 已存在: 19-5-2 - 1号线, 跳过
2025-07-01 09:15:52.245 +08:00 [INF] 已存在: 19-6-1 - 1号线, 跳过
2025-07-01 09:15:52.247 +08:00 [INF] 已存在: 19-6-2 - 1号线, 跳过
2025-07-01 09:15:52.249 +08:00 [INF] 已存在: 19-7-1 - 1号线, 跳过
2025-07-01 09:15:52.251 +08:00 [INF] 已存在: 19-7-2 - 1号线, 跳过
2025-07-01 09:15:52.252 +08:00 [INF] 已存在: 19-8-1 - 1号线, 跳过
2025-07-01 09:15:52.254 +08:00 [INF] 已存在: 19-8-2 - 1号线, 跳过
2025-07-01 09:15:52.256 +08:00 [INF] 已存在: 19-9-1 - 1号线, 跳过
2025-07-01 09:15:52.258 +08:00 [INF] 已存在: 19-9-2 - 1号线, 跳过
2025-07-01 09:15:52.259 +08:00 [INF] 已存在: 19-10-1 - 1号线, 跳过
2025-07-01 09:15:52.261 +08:00 [INF] 已存在: 19-10-2 - 1号线, 跳过
2025-07-01 09:15:52.263 +08:00 [INF] 已存在: 20-1-1 - 2号线, 跳过
2025-07-01 09:15:52.265 +08:00 [INF] 已存在: 20-1-2 - 2号线, 跳过
2025-07-01 09:15:52.267 +08:00 [INF] 已存在: 20-2-1 - 2号线, 跳过
2025-07-01 09:15:52.269 +08:00 [INF] 已存在: 20-2-2 - 2号线, 跳过
2025-07-01 09:15:52.272 +08:00 [INF] 已存在: 20-3-1 - 2号线, 跳过
2025-07-01 09:15:52.274 +08:00 [INF] 已存在: 20-3-2 - 2号线, 跳过
2025-07-01 09:15:52.276 +08:00 [INF] 已存在: 20-4-1 - 2号线, 跳过
2025-07-01 09:15:52.279 +08:00 [INF] 已存在: 20-4-2 - 2号线, 跳过
2025-07-01 09:15:52.283 +08:00 [INF] 已存在: 20-5-1 - 2号线, 跳过
2025-07-01 09:15:52.285 +08:00 [INF] 已存在: 20-5-2 - 2号线, 跳过
2025-07-01 09:15:52.287 +08:00 [INF] 已存在: 20-6-1 - 2号线, 跳过
2025-07-01 09:15:52.290 +08:00 [INF] 已存在: 20-6-2 - 2号线, 跳过
2025-07-01 09:15:52.293 +08:00 [INF] 已存在: 20-7-1 - 2号线, 跳过
2025-07-01 09:15:52.295 +08:00 [INF] 已存在: 20-7-2 - 2号线, 跳过
2025-07-01 09:15:52.298 +08:00 [INF] 已存在: 20-8-1 - 2号线, 跳过
2025-07-01 09:15:52.301 +08:00 [INF] 已存在: 20-8-2 - 2号线, 跳过
2025-07-01 09:15:52.303 +08:00 [INF] 已存在: 20-9-1 - 2号线, 跳过
2025-07-01 09:15:52.306 +08:00 [INF] 已存在: 20-9-2 - 2号线, 跳过
2025-07-01 09:15:52.308 +08:00 [INF] 已存在: 20-10-1 - 2号线, 跳过
2025-07-01 09:15:52.310 +08:00 [INF] 已存在: 20-10-2 - 2号线, 跳过
2025-07-01 09:15:52.313 +08:00 [INF] 已存在: 21-1-1 - 1号线, 跳过
2025-07-01 09:15:52.316 +08:00 [INF] 已存在: 21-1-2 - 1号线, 跳过
2025-07-01 09:15:52.318 +08:00 [INF] 已存在: 21-2-1 - 1号线, 跳过
2025-07-01 09:15:52.321 +08:00 [INF] 已存在: 21-2-2 - 1号线, 跳过
2025-07-01 09:15:52.328 +08:00 [INF] 已存在: 21-3-1 - 1号线, 跳过
2025-07-01 09:15:52.339 +08:00 [INF] 已存在: 21-3-2 - 1号线, 跳过
2025-07-01 09:15:52.342 +08:00 [INF] 已存在: 21-4-1 - 1号线, 跳过
2025-07-01 09:15:52.345 +08:00 [INF] 已存在: 21-4-2 - 1号线, 跳过
2025-07-01 09:15:52.347 +08:00 [INF] 已存在: 21-5-1 - 1号线, 跳过
2025-07-01 09:15:52.354 +08:00 [INF] 已存在: 21-5-2 - 1号线, 跳过
2025-07-01 09:15:52.356 +08:00 [INF] 已存在: 21-6-1 - 1号线, 跳过
2025-07-01 09:15:52.359 +08:00 [INF] 已存在: 21-6-2 - 1号线, 跳过
2025-07-01 09:15:52.361 +08:00 [INF] 已存在: 21-7-1 - 1号线, 跳过
2025-07-01 09:15:52.363 +08:00 [INF] 已存在: 21-7-2 - 1号线, 跳过
2025-07-01 09:15:52.365 +08:00 [INF] 已存在: 21-8-1 - 1号线, 跳过
2025-07-01 09:15:52.368 +08:00 [INF] 已存在: 21-8-2 - 1号线, 跳过
2025-07-01 09:15:52.370 +08:00 [INF] 已存在: 21-9-1 - 1号线, 跳过
2025-07-01 09:15:52.372 +08:00 [INF] 已存在: 21-9-2 - 1号线, 跳过
2025-07-01 09:15:52.374 +08:00 [INF] 已存在: 21-10-1 - 1号线, 跳过
2025-07-01 09:15:52.377 +08:00 [INF] 已存在: 21-10-2 - 1号线, 跳过
2025-07-01 09:15:52.379 +08:00 [INF] 已存在: 22-1-1 - 2号线, 跳过
2025-07-01 09:15:52.382 +08:00 [INF] 已存在: 22-1-2 - 2号线, 跳过
2025-07-01 09:15:52.384 +08:00 [INF] 已存在: 22-2-1 - 2号线, 跳过
2025-07-01 09:15:52.387 +08:00 [INF] 已存在: 22-2-2 - 2号线, 跳过
2025-07-01 09:15:52.391 +08:00 [INF] 已存在: 22-3-1 - 2号线, 跳过
2025-07-01 09:15:52.393 +08:00 [INF] 已存在: 22-3-2 - 2号线, 跳过
2025-07-01 09:15:52.396 +08:00 [INF] 已存在: 22-4-1 - 2号线, 跳过
2025-07-01 09:15:52.399 +08:00 [INF] 已存在: 22-4-2 - 2号线, 跳过
2025-07-01 09:15:52.401 +08:00 [INF] 已存在: 22-5-1 - 2号线, 跳过
2025-07-01 09:15:52.404 +08:00 [INF] 已存在: 22-5-2 - 2号线, 跳过
2025-07-01 09:15:52.408 +08:00 [INF] 已存在: 22-6-1 - 2号线, 跳过
2025-07-01 09:15:52.411 +08:00 [INF] 已存在: 22-6-2 - 2号线, 跳过
2025-07-01 09:15:52.416 +08:00 [INF] 已存在: 22-7-1 - 2号线, 跳过
